  stdafx.cpp
  HtmlParser.cpp
f:\github_repository\vs2017\pipehelper\pipehelper\htmlparser.cpp(110): warning C4267: “初始化”: 从“size_t”转换到“int”，可能丢失数据
f:\github_repository\vs2017\pipehelper\pipehelper\htmlparser.cpp(138): warning C4267: “初始化”: 从“size_t”转换到“int”，可能丢失数据
f:\github_repository\vs2017\pipehelper\pipehelper\htmlparser.cpp(173): warning C4267: “return”: 从“size_t”转换到“int”，可能丢失数据
f:\github_repository\vs2017\pipehelper\pipehelper\htmlparser.cpp(181): warning C4267: “初始化”: 从“size_t”转换到“int”，可能丢失数据
f:\github_repository\vs2017\pipehelper\pipehelper\htmlparser.cpp(197): warning C4244: “初始化”: 从“__int64”转换到“int”，可能丢失数据
f:\github_repository\vs2017\pipehelper\pipehelper\htmlparser.cpp(286): warning C4267: “参数”: 从“size_t”转换到“int”，可能丢失数据
f:\github_repository\vs2017\pipehelper\pipehelper\htmlparser.cpp(305): warning C4267: “初始化”: 从“size_t”转换到“int”，可能丢失数据
f:\github_repository\vs2017\pipehelper\pipehelper\htmlparser.cpp(432): warning C4244: “参数”: 从“__int64”转换到“int”，可能丢失数据
f:\github_repository\vs2017\pipehelper\pipehelper\htmlparser.cpp(448): warning C4244: “参数”: 从“__int64”转换到“int”，可能丢失数据
f:\github_repository\vs2017\pipehelper\pipehelper\htmlparser.cpp(465): warning C4244: “参数”: 从“__int64”转换到“int”，可能丢失数据
f:\github_repository\vs2017\pipehelper\pipehelper\htmlparser.cpp(492): warning C4267: “初始化”: 从“size_t”转换到“int”，可能丢失数据
f:\github_repository\vs2017\pipehelper\pipehelper\htmlparser.cpp(551): warning C4267: “参数”: 从“size_t”转换到“int”，可能丢失数据
f:\github_repository\vs2017\pipehelper\pipehelper\htmlparser.cpp(561): warning C4267: “参数”: 从“size_t”转换到“int”，可能丢失数据
f:\github_repository\vs2017\pipehelper\pipehelper\htmlparser.cpp(738): warning C4267: “初始化”: 从“size_t”转换到“int”，可能丢失数据
f:\github_repository\vs2017\pipehelper\pipehelper\htmlparser.cpp(763): warning C4267: “=”: 从“size_t”转换到“int”，可能丢失数据
f:\github_repository\vs2017\pipehelper\pipehelper\htmlparser.cpp(1158): warning C4267: “参数”: 从“size_t”转换到“int”，可能丢失数据
  HtmlHelper.cpp
  tinyxml2.cpp
  PipeHelperMain.cpp
f:\github_repository\vs2017\pipehelper\pipehelper\pipehelpermain.cpp(81): warning C4305: “参数”: 从“int”到“const char”截断
f:\github_repository\vs2017\pipehelper\pipehelper\pipehelpermain.cpp(81): warning C4309: “参数”: 截断常量值
f:\github_repository\vs2017\pipehelper\pipehelper\pipehelpermain.cpp(99): warning C4305: “参数”: 从“int”到“const char”截断
f:\github_repository\vs2017\pipehelper\pipehelper\pipehelpermain.cpp(99): warning C4309: “参数”: 截断常量值
  Tools.cpp
  XmlHelper.cpp
  正在生成代码
  All 1407 functions were compiled because no usable IPDB/IOBJ from previous compilation was found.
  已完成代码的生成
  PipeHelper.vcxproj -> F:\github_repository\vs2017\PipeHelper\x64\Release\PipeHelper.exe
