f:\github_repository\pipehelper\pipehelper\x64\debug\pipehelper.pch
f:\github_repository\pipehelper\pipehelper\x64\debug\vc141.pdb
f:\github_repository\pipehelper\pipehelper\x64\debug\vc141.idb
f:\github_repository\pipehelper\pipehelper\x64\debug\stdafx.obj
f:\github_repository\pipehelper\pipehelper\x64\debug\xmlhelper.obj
f:\github_repository\pipehelper\pipehelper\x64\debug\tools.obj
f:\github_repository\pipehelper\pipehelper\x64\debug\pipehelpermain.obj
f:\github_repository\pipehelper\pipehelper\x64\debug\tinyxml2.obj
f:\github_repository\pipehelper\pipehelper\x64\debug\htmlhelper.obj
f:\github_repository\pipehelper\pipehelper\x64\debug\htmlparser.obj
f:\github_repository\pipehelper\pipehelper\x64\debug\controler.obj
f:\github_repository\pipehelper\x64\debug\pipehelper.exe
f:\github_repository\pipehelper\x64\debug\pipehelper.ilk
f:\github_repository\pipehelper\x64\debug\pipehelper.pdb
f:\github_repository\pipehelper\pipehelper\x64\debug\pipehelper.tlog\cl.command.1.tlog
f:\github_repository\pipehelper\pipehelper\x64\debug\pipehelper.tlog\cl.read.1.tlog
f:\github_repository\pipehelper\pipehelper\x64\debug\pipehelper.tlog\cl.write.1.tlog
f:\github_repository\pipehelper\pipehelper\x64\debug\pipehelper.tlog\link.command.1.tlog
f:\github_repository\pipehelper\pipehelper\x64\debug\pipehelper.tlog\link.read.1.tlog
f:\github_repository\pipehelper\pipehelper\x64\debug\pipehelper.tlog\link.write.1.tlog
